KaKu/build/outputs/logs/manifest-merger-debug-report.txt
-- Merging decision tree log ---
manifest
ADDED from AndroidManifest.xml:2:1
	package
		ADDED from AndroidManifest.xml:4:5
		INJECTED from AndroidManifest.xml:0:0
		INJECTED from AndroidManifest.xml:0:0
	android:versionName
		ADDED from AndroidManifest.xml:6:5
	xmlns:tools
		ADDED from AndroidManifest.xml:3:5
	android:versionCode
		ADDED from AndroidManifest.xml:5:5
		INJECTED from AndroidManifest.xml:0:0
		INJECTED from AndroidManifest.xml:0:0
	xmlns:android
		ADDED from AndroidManifest.xml:2:11
uses-sdk
ADDED from AndroidManifest.xml:8:5
MERGED from kaku_android:androidAd:unspecified:7:5
MERGED from kaku_android:LibMarsdaemon:unspecified:7:5
MERGED from com.facebook.fresco:fresco:0.6.0:5:5
MERGED from com.facebook.fresco:drawee:0.6.0:5:5
MERGED from com.facebook.fresco:fbcore:0.6.0:5:5
MERGED from com.android.support:support-v4:21.0.3:15:5
MERGED from com.facebook.fresco:fbcore:0.6.0:5:5
MERGED from com.facebook.fresco:imagepipeline:0.6.0:5:5
MERGED from com.facebook.fresco:fbcore:0.6.0:5:5
MERGED from com.android.support:support-v4:21.0.3:15:5
MERGED from com.bugtags.library:bugtags-lib:1.1.1:7:5
MERGED from com.android.support:support-v4:21.0.3:15:5
	tools:overrideLibrary
		ADDED from AndroidManifest.xml:11:9
	android:targetSdkVersion
		ADDED from AndroidManifest.xml:10:9
		INJECTED from AndroidManifest.xml:0:0
		INJECTED from AndroidManifest.xml:0:0
	android:minSdkVersion
		ADDED from AndroidManifest.xml:9:9
		INJECTED from AndroidManifest.xml:0:0
		INJECTED from AndroidManifest.xml:0:0
uses-permission#android.permission.RECEIVE_SMS
ADDED from AndroidManifest.xml:14:5
	android:name
		ADDED from AndroidManifest.xml:14:22
uses-permission#android.permission.RECEIVE_USER_PRESENT
ADDED from AndroidManifest.xml:15:5
	android:name
		ADDED from AndroidManifest.xml:15:22
uses-permission#android.permission.INTERNET
ADDED from AndroidManifest.xml:16:5
MERGED from kaku_android:androidAd:unspecified:13:5
MERGED from com.bugtags.library:bugtags-lib:1.1.1:13:5
	android:name
		ADDED from AndroidManifest.xml:16:22
uses-permission#android.permission.WAKE_LOCK
ADDED from AndroidManifest.xml:17:5
	android:name
		ADDED from AndroidManifest.xml:17:22
uses-permission#android.permission.READ_PHONE_STATE
ADDED from AndroidManifest.xml:18:5
	android:name
		ADDED from AndroidManifest.xml:18:22
uses-permission#android.permission.WRITE_EXTERNAL_STORAGE
ADDED from AndroidManifest.xml:19:5
MERGED from kaku_android:androidAd:unspecified:11:5
MERGED from com.bugtags.library:bugtags-lib:1.1.1:16:5
	android:name
		ADDED from AndroidManifest.xml:19:22
uses-permission#android.permission.READ_EXTERNAL_STORAGE
ADDED from AndroidManifest.xml:20:5
MERGED from kaku_android:androidAd:unspecified:12:5
MERGED from com.bugtags.library:bugtags-lib:1.1.1:17:5
	android:name
		ADDED from AndroidManifest.xml:20:22
uses-permission#android.permission.WRITE_SETTINGS
ADDED from AndroidManifest.xml:21:5
	android:name
		ADDED from AndroidManifest.xml:21:22
uses-permission#android.permission.VIBRATE
ADDED from AndroidManifest.xml:22:5
	android:name
		ADDED from AndroidManifest.xml:22:22
uses-permission#android.permission.CAMERA
ADDED from AndroidManifest.xml:23:5
	android:name
		ADDED from AndroidManifest.xml:23:22
uses-permission#android.permission.MOUNT_UNMOUNT_FILESYSTEMS
ADDED from AndroidManifest.xml:24:5
	android:name
		ADDED from AndroidManifest.xml:24:22
uses-permission#android.permission.ACCESS_NETWORK_STATE
ADDED from AndroidManifest.xml:25:5
MERGED from com.bugtags.library:bugtags-lib:1.1.1:15:5
	android:name
		ADDED from AndroidManifest.xml:25:22
uses-permission#android.permission.SYSTEM_ALERT_WINDOW
ADDED from AndroidManifest.xml:26:5
MERGED from com.bugtags.library:bugtags-lib:1.1.1:19:5
	android:name
		ADDED from AndroidManifest.xml:26:22
uses-permission#android.permission.READ_CONTACTS
ADDED from AndroidManifest.xml:27:5
	android:name
		ADDED from AndroidManifest.xml:27:22
uses-permission#android.permission.RECORD_AUDIO
ADDED from AndroidManifest.xml:28:5
	android:name
		ADDED from AndroidManifest.xml:28:22
uses-permission#android.permission.READ_LOGS
ADDED from AndroidManifest.xml:29:5
MERGED from com.bugtags.library:bugtags-lib:1.1.1:18:5
	android:name
		ADDED from AndroidManifest.xml:29:22
uses-permission#android.permission.ACCESS_COARSE_LOCATION
ADDED from AndroidManifest.xml:32:5
MERGED from com.bugtags.library:bugtags-lib:1.1.1:12:5
	android:name
		ADDED from AndroidManifest.xml:32:22
uses-permission#android.permission.ACCESS_WIFI_STATE
ADDED from AndroidManifest.xml:33:5
MERGED from com.bugtags.library:bugtags-lib:1.1.1:14:5
	android:name
		ADDED from AndroidManifest.xml:33:22
uses-permission#android.permission.CHANGE_WIFI_STATE
ADDED from AndroidManifest.xml:34:5
	android:name
		ADDED from AndroidManifest.xml:34:22
uses-permission#android.permission.ACCESS_FINE_LOCATION
ADDED from AndroidManifest.xml:35:5
MERGED from com.bugtags.library:bugtags-lib:1.1.1:11:5
	android:name
		ADDED from AndroidManifest.xml:35:22
uses-permission#android.permission.ACCESS_LOCATION_EXTRA_COMMANDS
ADDED from AndroidManifest.xml:36:5
	android:name
		ADDED from AndroidManifest.xml:36:22
uses-permission#android.permission.CHANGE_NETWORK_STATE
ADDED from AndroidManifest.xml:37:5
	android:name
		ADDED from AndroidManifest.xml:37:22
uses-permission#android.permission.CALL_PHONE
ADDED from AndroidManifest.xml:38:5
	android:name
		ADDED from AndroidManifest.xml:38:22
uses-permission#android.permission.GET_TASKS
ADDED from AndroidManifest.xml:41:5
	android:name
		ADDED from AndroidManifest.xml:41:22
uses-permission#android.permission.MANAGE_ACCOUNTS
ADDED from AndroidManifest.xml:42:5
	android:name
		ADDED from AndroidManifest.xml:42:22
uses-permission#android.permission.GET_ACCOUNTS
ADDED from AndroidManifest.xml:43:5
	android:name
		ADDED from AndroidManifest.xml:43:22
uses-permission#android.permission.BLUETOOTH
ADDED from AndroidManifest.xml:45:5
	android:name
		ADDED from AndroidManifest.xml:45:22
uses-permission#android.permission.BLUETOOTH_ADMIN
ADDED from AndroidManifest.xml:46:5
	android:name
		ADDED from AndroidManifest.xml:46:22
uses-permission#com.yichang.kaku.permission.JPUSH_MESSAGE
ADDED from AndroidManifest.xml:47:5
	android:name
		ADDED from AndroidManifest.xml:47:22
permission#com.yichang.kaku.permission.JPUSH_MESSAGE
ADDED from AndroidManifest.xml:50:5
	android:protectionLevel
		ADDED from AndroidManifest.xml:52:9
	android:name
		ADDED from AndroidManifest.xml:51:9
application
ADDED from AndroidManifest.xml:54:5
MERGED from kaku_android:androidAd:unspecified:15:5
MERGED from kaku_android:LibMarsdaemon:unspecified:11:5
MERGED from com.android.support:support-v4:21.0.3:16:5
MERGED from com.android.support:support-v4:21.0.3:16:5
MERGED from com.bugtags.library:bugtags-lib:1.1.1:21:5
MERGED from com.android.support:support-v4:21.0.3:16:5
	android:label
		ADDED from AndroidManifest.xml:58:9
	android:supportsRtl
		ADDED from kaku_android:LibMarsdaemon:unspecified:14:9
	xmlns:tools
		ADDED from AndroidManifest.xml:54:18
	android:allowBackup
		ADDED from AndroidManifest.xml:56:9
	android:icon
		ADDED from AndroidManifest.xml:57:9
	android:theme
		ADDED from AndroidManifest.xml:59:9
		REJECTED from kaku_android:androidAd:unspecified:19:9
	tools:replace
		ADDED from AndroidManifest.xml:60:9
	android:name
		ADDED from AndroidManifest.xml:55:9
activity#com.yichang.kaku.guide.SplashActivity
ADDED from AndroidManifest.xml:62:9
	android:screenOrientation
		ADDED from AndroidManifest.xml:65:13
	android:label
		ADDED from AndroidManifest.xml:64:13
	android:theme
		ADDED from AndroidManifest.xml:66:13
	android:name
		ADDED from AndroidManifest.xml:63:13
intent-filter#android.intent.action.MAIN+android.intent.category.LAUNCHER
ADDED from AndroidManifest.xml:67:13
action#android.intent.action.MAIN
ADDED from AndroidManifest.xml:68:17
	android:name
		ADDED from AndroidManifest.xml:68:25
category#android.intent.category.LAUNCHER
ADDED from AndroidManifest.xml:69:17
	android:name
		ADDED from AndroidManifest.xml:69:27
activity#com.yichang.kaku.global.DemoActivity
ADDED from AndroidManifest.xml:72:9
	android:screenOrientation
		ADDED from AndroidManifest.xml:75:13
	android:label
		ADDED from AndroidManifest.xml:74:13
	android:name
		ADDED from AndroidManifest.xml:73:13
activity#com.yichang.kaku.home.illegal.IllegalQueryActivity
ADDED from AndroidManifest.xml:77:9
	android:screenOrientation
		ADDED from AndroidManifest.xml:80:13
	android:label
		ADDED from AndroidManifest.xml:79:13
	android:name
		ADDED from AndroidManifest.xml:78:13
activity#com.yichang.kaku.home.ChooseCityActivity
ADDED from AndroidManifest.xml:84:9
	android:screenOrientation
		ADDED from AndroidManifest.xml:87:13
	android:label
		ADDED from AndroidManifest.xml:86:13
	android:name
		ADDED from AndroidManifest.xml:85:13
activity#com.yichang.kaku.home.question.AskSearchActivity
ADDED from AndroidManifest.xml:88:9
	android:screenOrientation
		ADDED from AndroidManifest.xml:91:13
	android:label
		ADDED from AndroidManifest.xml:90:13
	android:name
		ADDED from AndroidManifest.xml:89:13
activity#com.yichang.kaku.home.join.BrandListActivity
ADDED from AndroidManifest.xml:92:9
	android:screenOrientation
		ADDED from AndroidManifest.xml:95:13
	android:label
		ADDED from AndroidManifest.xml:94:13
	android:name
		ADDED from AndroidManifest.xml:93:13
activity#com.yichang.kaku.home.join.ShopIntroductionActivity
ADDED from AndroidManifest.xml:96:9
	android:screenOrientation
		ADDED from AndroidManifest.xml:99:13
	android:label
		ADDED from AndroidManifest.xml:98:13
	android:name
		ADDED from AndroidManifest.xml:97:13
activity#com.yichang.kaku.home.question.SubmitAskActivity
ADDED from AndroidManifest.xml:100:9
	android:screenOrientation
		ADDED from AndroidManifest.xml:103:13
	android:label
		ADDED from AndroidManifest.xml:102:13
	android:name
		ADDED from AndroidManifest.xml:101:13
activity#com.yichang.kaku.home.question.MyAskListActivity
ADDED from AndroidManifest.xml:104:9
	android:screenOrientation
		ADDED from AndroidManifest.xml:107:13
	android:label
		ADDED from AndroidManifest.xml:106:13
	android:name
		ADDED from AndroidManifest.xml:105:13
activity#com.yichang.kaku.home.question.InterlocutionActivity
ADDED from AndroidManifest.xml:108:9
	android:screenOrientation
		ADDED from AndroidManifest.xml:111:13
	android:label
		ADDED from AndroidManifest.xml:110:13
	android:name
		ADDED from AndroidManifest.xml:109:13
activity#com.yichang.kaku.home.question.TalkDetailActivity
ADDED from AndroidManifest.xml:114:9
	android:screenOrientation
		ADDED from AndroidManifest.xml:117:13
	android:label
		ADDED from AndroidManifest.xml:116:13
	android:theme
		ADDED from AndroidManifest.xml:118:13
	android:name
		ADDED from AndroidManifest.xml:115:13
activity#com.yichang.kaku.home.question.LookOtherAskActivity
ADDED from AndroidManifest.xml:121:9
	android:screenOrientation
		ADDED from AndroidManifest.xml:124:13
	android:label
		ADDED from AndroidManifest.xml:123:13
	android:name
		ADDED from AndroidManifest.xml:122:13
activity#com.yichang.kaku.member.cash.YueActivity
ADDED from AndroidManifest.xml:125:9
	android:screenOrientation
		ADDED from AndroidManifest.xml:128:13
	android:label
		ADDED from AndroidManifest.xml:127:13
	android:name
		ADDED from AndroidManifest.xml:126:13
activity#com.yichang.kaku.member.cash.WithdrawActivity
ADDED from AndroidManifest.xml:129:9
	android:screenOrientation
		ADDED from AndroidManifest.xml:132:13
	android:label
		ADDED from AndroidManifest.xml:131:13
	android:name
		ADDED from AndroidManifest.xml:130:13
activity#com.yichang.kaku.home.join.ApplyToJoinActivity
ADDED from AndroidManifest.xml:134:9
	android:screenOrientation
		ADDED from AndroidManifest.xml:137:13
	android:label
		ADDED from AndroidManifest.xml:136:13
	android:name
		ADDED from AndroidManifest.xml:135:13
activity#com.yichang.kaku.member.login.LoginActivity
ADDED from AndroidManifest.xml:138:9
	android:screenOrientation
		ADDED from AndroidManifest.xml:141:13
	android:label
		ADDED from AndroidManifest.xml:140:13
	android:name
		ADDED from AndroidManifest.xml:139:13
activity#com.yichang.kaku.home.ChooseTimeActivity
ADDED from AndroidManifest.xml:142:9
	android:screenOrientation
		ADDED from AndroidManifest.xml:145:13
	android:label
		ADDED from AndroidManifest.xml:144:13
	android:name
		ADDED from AndroidManifest.xml:143:13
activity#com.yichang.kaku.home.FindShopLocationActivity
ADDED from AndroidManifest.xml:146:9
	android:screenOrientation
		ADDED from AndroidManifest.xml:149:13
	android:label
		ADDED from AndroidManifest.xml:148:13
	android:name
		ADDED from AndroidManifest.xml:147:13
activity#com.yichang.kaku.home.illegal.IllegalQueryResultActivity
ADDED from AndroidManifest.xml:151:9
	android:screenOrientation
		ADDED from AndroidManifest.xml:154:13
	android:label
		ADDED from AndroidManifest.xml:153:13
	android:name
		ADDED from AndroidManifest.xml:152:13
activity#com.yichang.kaku.global.MainActivity
ADDED from AndroidManifest.xml:155:9
	android:screenOrientation
		ADDED from AndroidManifest.xml:158:13
	android:label
		ADDED from AndroidManifest.xml:157:13
	android:name
		ADDED from AndroidManifest.xml:156:13
activity#com.yichang.kaku.guide.GuideActivity
ADDED from AndroidManifest.xml:159:9
	android:screenOrientation
		ADDED from AndroidManifest.xml:162:13
	android:label
		ADDED from AndroidManifest.xml:161:13
	android:name
		ADDED from AndroidManifest.xml:160:13
activity#com.yichang.kaku.home.mycar.MyCarActivity
ADDED from AndroidManifest.xml:163:9
	android:screenOrientation
		ADDED from AndroidManifest.xml:166:13
	android:label
		ADDED from AndroidManifest.xml:165:13
	android:name
		ADDED from AndroidManifest.xml:164:13
activity#com.yichang.kaku.home.mycar.PinPaiXuanZeActivity
ADDED from AndroidManifest.xml:167:9
	android:screenOrientation
		ADDED from AndroidManifest.xml:170:13
	android:label
		ADDED from AndroidManifest.xml:169:13
	android:name
		ADDED from AndroidManifest.xml:168:13
activity#com.yichang.kaku.home.ChooseCarActivity
ADDED from AndroidManifest.xml:171:9
	android:screenOrientation
		ADDED from AndroidManifest.xml:174:13
	android:label
		ADDED from AndroidManifest.xml:173:13
	android:name
		ADDED from AndroidManifest.xml:172:13
activity#com.yichang.kaku.home.mycar.CarListActivity
ADDED from AndroidManifest.xml:175:9
	android:screenOrientation
		ADDED from AndroidManifest.xml:178:13
	android:label
		ADDED from AndroidManifest.xml:177:13
	android:name
		ADDED from AndroidManifest.xml:176:13
activity#com.yichang.kaku.home.mycar.OkCarActivity
ADDED from AndroidManifest.xml:179:9
	android:screenOrientation
		ADDED from AndroidManifest.xml:182:13
	android:label
		ADDED from AndroidManifest.xml:181:13
	android:name
		ADDED from AndroidManifest.xml:180:13
activity#com.yichang.kaku.home.SouSuoActivity
ADDED from AndroidManifest.xml:183:9
	android:screenOrientation
		ADDED from AndroidManifest.xml:186:13
	android:label
		ADDED from AndroidManifest.xml:185:13
	android:name
		ADDED from AndroidManifest.xml:184:13
activity#com.yichang.kaku.home.Ad.Add_NActivity
ADDED from AndroidManifest.xml:187:9
	android:screenOrientation
		ADDED from AndroidManifest.xml:190:13
	android:label
		ADDED from AndroidManifest.xml:189:13
	android:name
		ADDED from AndroidManifest.xml:188:13
activity#com.yichang.kaku.home.Ad.Add_YActivity
ADDED from AndroidManifest.xml:191:9
	android:screenOrientation
		ADDED from AndroidManifest.xml:194:13
	android:label
		ADDED from AndroidManifest.xml:193:13
	android:name
		ADDED from AndroidManifest.xml:192:13
activity#com.yichang.kaku.home.Ad.Add_EActivity
ADDED from AndroidManifest.xml:195:9
	android:screenOrientation
		ADDED from AndroidManifest.xml:198:13
	android:label
		ADDED from AndroidManifest.xml:197:13
	android:name
		ADDED from AndroidManifest.xml:196:13
activity#com.yichang.kaku.home.Ad.AdImageActivity
ADDED from AndroidManifest.xml:199:9
	android:screenOrientation
		ADDED from AndroidManifest.xml:203:13
	android:label
		ADDED from AndroidManifest.xml:202:13
	android:hardwareAccelerated
		ADDED from AndroidManifest.xml:201:13
	android:name
		ADDED from AndroidManifest.xml:200:13
activity#com.yichang.kaku.home.Ad.ImageHistoryActivity
ADDED from AndroidManifest.xml:204:9
	android:screenOrientation
		ADDED from AndroidManifest.xml:207:13
	android:label
		ADDED from AndroidManifest.xml:206:13
	android:name
		ADDED from AndroidManifest.xml:205:13
activity#com.yichang.kaku.home.Ad.Add_IActivity
ADDED from AndroidManifest.xml:208:9
	android:screenOrientation
		ADDED from AndroidManifest.xml:211:13
	android:label
		ADDED from AndroidManifest.xml:210:13
	android:name
		ADDED from AndroidManifest.xml:209:13
activity#com.yichang.kaku.home.Ad.Add_FActivity
ADDED from AndroidManifest.xml:212:9
	android:screenOrientation
		ADDED from AndroidManifest.xml:215:13
	android:label
		ADDED from AndroidManifest.xml:214:13
	android:name
		ADDED from AndroidManifest.xml:213:13
activity#com.yichang.kaku.home.Ad.Add_PActivity
ADDED from AndroidManifest.xml:216:9
	android:screenOrientation
		ADDED from AndroidManifest.xml:219:13
	android:label
		ADDED from AndroidManifest.xml:218:13
	android:name
		ADDED from AndroidManifest.xml:217:13
activity#com.yichang.kaku.home.TitleActivity
ADDED from AndroidManifest.xml:220:9
	android:screenOrientation
		ADDED from AndroidManifest.xml:223:13
	android:label
		ADDED from AndroidManifest.xml:222:13
	android:name
		ADDED from AndroidManifest.xml:221:13
activity#com.yichang.kaku.home.PinPaiFuWuZhanActivity
ADDED from AndroidManifest.xml:224:9
	android:screenOrientation
		ADDED from AndroidManifest.xml:227:13
	android:label
		ADDED from AndroidManifest.xml:226:13
	android:name
		ADDED from AndroidManifest.xml:225:13
activity#com.yichang.kaku.home.Ad.ReImageActivity
ADDED from AndroidManifest.xml:228:9
	android:screenOrientation
		ADDED from AndroidManifest.xml:232:13
	android:label
		ADDED from AndroidManifest.xml:231:13
	android:hardwareAccelerated
		ADDED from AndroidManifest.xml:230:13
	android:name
		ADDED from AndroidManifest.xml:229:13
activity#com.yichang.kaku.home.Ad.SiJiZhaoMuActivity
ADDED from AndroidManifest.xml:233:9
	android:screenOrientation
		ADDED from AndroidManifest.xml:237:13
	android:label
		ADDED from AndroidManifest.xml:235:13
	android:windowSoftInputMode
		ADDED from AndroidManifest.xml:236:13
	android:name
		ADDED from AndroidManifest.xml:234:13
activity#com.yichang.kaku.home.FWZMapActivity
ADDED from AndroidManifest.xml:238:9
	android:screenOrientation
		ADDED from AndroidManifest.xml:241:13
	android:label
		ADDED from AndroidManifest.xml:240:13
	android:name
		ADDED from AndroidManifest.xml:239:13
activity#com.yichang.kaku.home.ShopDetailActivity
ADDED from AndroidManifest.xml:242:9
	android:screenOrientation
		ADDED from AndroidManifest.xml:245:13
	android:label
		ADDED from AndroidManifest.xml:244:13
	android:name
		ADDED from AndroidManifest.xml:243:13
activity#com.yichang.kaku.home.ShopDetailWebActivity
ADDED from AndroidManifest.xml:246:9
	android:screenOrientation
		ADDED from AndroidManifest.xml:249:13
	android:label
		ADDED from AndroidManifest.xml:248:13
	android:name
		ADDED from AndroidManifest.xml:247:13
activity#com.yichang.kaku.home.ShopOrderActivity
ADDED from AndroidManifest.xml:250:9
	android:screenOrientation
		ADDED from AndroidManifest.xml:253:13
	android:label
		ADDED from AndroidManifest.xml:252:13
	android:name
		ADDED from AndroidManifest.xml:251:13
activity#com.yichang.kaku.member.serviceorder.ServiceOrderListActivity
ADDED from AndroidManifest.xml:255:9
	android:screenOrientation
		ADDED from AndroidManifest.xml:259:13
	android:label
		ADDED from AndroidManifest.xml:257:13
	android:launchMode
		ADDED from AndroidManifest.xml:258:13
	android:name
		ADDED from AndroidManifest.xml:256:13
activity#com.yichang.kaku.member.serviceorder.OrderDetailAActivity
ADDED from AndroidManifest.xml:261:9
	android:screenOrientation
		ADDED from AndroidManifest.xml:264:13
	android:label
		ADDED from AndroidManifest.xml:263:13
	android:name
		ADDED from AndroidManifest.xml:262:13
activity#com.yichang.kaku.member.serviceorder.OrderDetailBActivity
ADDED from AndroidManifest.xml:265:9
	android:screenOrientation
		ADDED from AndroidManifest.xml:268:13
	android:label
		ADDED from AndroidManifest.xml:267:13
	android:name
		ADDED from AndroidManifest.xml:266:13
activity#com.yichang.kaku.member.serviceorder.OrderDetailCActivity
ADDED from AndroidManifest.xml:269:9
	android:screenOrientation
		ADDED from AndroidManifest.xml:272:13
	android:label
		ADDED from AndroidManifest.xml:271:13
	android:name
		ADDED from AndroidManifest.xml:270:13
activity#com.yichang.kaku.member.serviceorder.OrderDetailDActivity
ADDED from AndroidManifest.xml:273:9
	android:screenOrientation
		ADDED from AndroidManifest.xml:276:13
	android:label
		ADDED from AndroidManifest.xml:275:13
	android:name
		ADDED from AndroidManifest.xml:274:13
activity#com.yichang.kaku.member.serviceorder.OrderDetailEActivity
ADDED from AndroidManifest.xml:277:9
	android:screenOrientation
		ADDED from AndroidManifest.xml:280:13
	android:label
		ADDED from AndroidManifest.xml:279:13
	android:name
		ADDED from AndroidManifest.xml:278:13
activity#com.yichang.kaku.member.serviceorder.OrderDetailFActivity
ADDED from AndroidManifest.xml:281:9
	android:screenOrientation
		ADDED from AndroidManifest.xml:284:13
	android:label
		ADDED from AndroidManifest.xml:283:13
	android:name
		ADDED from AndroidManifest.xml:282:13
activity#com.yichang.kaku.member.serviceorder.OrderDetailGActivity
ADDED from AndroidManifest.xml:285:9
	android:screenOrientation
		ADDED from AndroidManifest.xml:288:13
	android:label
		ADDED from AndroidManifest.xml:287:13
	android:name
		ADDED from AndroidManifest.xml:286:13
activity#com.yichang.kaku.member.serviceorder.OrderDetailZActivity
ADDED from AndroidManifest.xml:289:9
	android:screenOrientation
		ADDED from AndroidManifest.xml:292:13
	android:label
		ADDED from AndroidManifest.xml:291:13
	android:name
		ADDED from AndroidManifest.xml:290:13
activity#com.yichang.kaku.home.giftmall.ShopCartActivity
ADDED from AndroidManifest.xml:293:9
	android:screenOrientation
		ADDED from AndroidManifest.xml:296:13
	android:label
		ADDED from AndroidManifest.xml:295:13
	android:name
		ADDED from AndroidManifest.xml:294:13
activity#com.yichang.kaku.home.giftmall.ShopCartEditActivity
ADDED from AndroidManifest.xml:297:9
	android:screenOrientation
		ADDED from AndroidManifest.xml:300:13
	android:label
		ADDED from AndroidManifest.xml:299:13
	android:name
		ADDED from AndroidManifest.xml:298:13
activity#com.yichang.kaku.home.giftmall.ConfirmOrderActivity
ADDED from AndroidManifest.xml:301:9
	android:screenOrientation
		ADDED from AndroidManifest.xml:304:13
	android:label
		ADDED from AndroidManifest.xml:303:13
	android:name
		ADDED from AndroidManifest.xml:302:13
activity#com.yichang.kaku.member.serviceorder.FanXiuActivity
ADDED from AndroidManifest.xml:307:9
	android:screenOrientation
		ADDED from AndroidManifest.xml:310:13
	android:label
		ADDED from AndroidManifest.xml:309:13
	android:name
		ADDED from AndroidManifest.xml:308:13
activity#com.yichang.kaku.member.truckorder.TruckOrderListActivity
ADDED from AndroidManifest.xml:311:9
	android:screenOrientation
		ADDED from AndroidManifest.xml:315:13
	android:label
		ADDED from AndroidManifest.xml:313:13
	android:launchMode
		ADDED from AndroidManifest.xml:314:13
	android:name
		ADDED from AndroidManifest.xml:312:13
activity#com.yichang.kaku.member.truckorder.TruckOrderDetailActivity
ADDED from AndroidManifest.xml:316:9
	android:screenOrientation
		ADDED from AndroidManifest.xml:319:13
	android:label
		ADDED from AndroidManifest.xml:318:13
	android:name
		ADDED from AndroidManifest.xml:317:13
activity#com.yichang.kaku.home.FaPiaoActivity
ADDED from AndroidManifest.xml:320:9
	android:screenOrientation
		ADDED from AndroidManifest.xml:323:13
	android:label
		ADDED from AndroidManifest.xml:322:13
	android:name
		ADDED from AndroidManifest.xml:321:13
activity#com.yichang.kaku.home.giftmall.ShopMallActivity
ADDED from AndroidManifest.xml:324:9
	android:label
		ADDED from AndroidManifest.xml:326:13
	android:name
		ADDED from AndroidManifest.xml:325:13
activity#com.yichang.kaku.home.AddOilActivity
ADDED from AndroidManifest.xml:328:9
	android:screenOrientation
		ADDED from AndroidManifest.xml:331:13
	android:label
		ADDED from AndroidManifest.xml:330:13
	android:name
		ADDED from AndroidManifest.xml:329:13
activity#com.yichang.kaku.home.TimeActivity
ADDED from AndroidManifest.xml:332:9
	android:screenOrientation
		ADDED from AndroidManifest.xml:335:13
	android:label
		ADDED from AndroidManifest.xml:334:13
	android:name
		ADDED from AndroidManifest.xml:333:13
activity#com.yichang.kaku.member.address.AddrActivity
ADDED from AndroidManifest.xml:336:9
	android:screenOrientation
		ADDED from AndroidManifest.xml:339:13
	android:label
		ADDED from AndroidManifest.xml:338:13
	android:name
		ADDED from AndroidManifest.xml:337:13
activity#com.yichang.kaku.member.address.NewAddrActivity
ADDED from AndroidManifest.xml:340:9
	android:screenOrientation
		ADDED from AndroidManifest.xml:343:13
	android:label
		ADDED from AndroidManifest.xml:342:13
	android:name
		ADDED from AndroidManifest.xml:341:13
activity#com.yichang.kaku.member.address.TextActivity
ADDED from AndroidManifest.xml:349:9
	android:screenOrientation
		ADDED from AndroidManifest.xml:352:13
	android:label
		ADDED from AndroidManifest.xml:351:13
	android:windowSoftInputMode
		ADDED from AndroidManifest.xml:353:13
	android:name
		ADDED from AndroidManifest.xml:350:13
activity#com.yichang.kaku.logistics.province.ProvinceActivity
ADDED from AndroidManifest.xml:354:9
	android:screenOrientation
		ADDED from AndroidManifest.xml:357:13
	android:label
		ADDED from AndroidManifest.xml:356:13
	android:name
		ADDED from AndroidManifest.xml:355:13
activity#com.yichang.kaku.logistics.province.CityActivity
ADDED from AndroidManifest.xml:358:9
	android:screenOrientation
		ADDED from AndroidManifest.xml:361:13
	android:label
		ADDED from AndroidManifest.xml:360:13
	android:name
		ADDED from AndroidManifest.xml:359:13
activity#com.yichang.kaku.logistics.province.CountyActivity
ADDED from AndroidManifest.xml:362:9
	android:screenOrientation
		ADDED from AndroidManifest.xml:365:13
	android:label
		ADDED from AndroidManifest.xml:364:13
	android:name
		ADDED from AndroidManifest.xml:363:13
activity#com.yichang.kaku.logistics.MyHuoActivity
ADDED from AndroidManifest.xml:366:9
	android:screenOrientation
		ADDED from AndroidManifest.xml:369:13
	android:label
		ADDED from AndroidManifest.xml:368:13
	android:name
		ADDED from AndroidManifest.xml:367:13
activity#com.yichang.kaku.member.driver.MyPointInfoActivity
ADDED from AndroidManifest.xml:370:9
	android:screenOrientation
		ADDED from AndroidManifest.xml:373:13
	android:label
		ADDED from AndroidManifest.xml:372:13
	android:name
		ADDED from AndroidManifest.xml:371:13
activity#com.yichang.kaku.member.driver.AttentionShopsActivity
ADDED from AndroidManifest.xml:374:9
	android:screenOrientation
		ADDED from AndroidManifest.xml:377:13
	android:label
		ADDED from AndroidManifest.xml:376:13
	android:name
		ADDED from AndroidManifest.xml:375:13
activity#com.yichang.kaku.member.driver.MsgActivity
ADDED from AndroidManifest.xml:378:9
	android:screenOrientation
		ADDED from AndroidManifest.xml:381:13
	android:label
		ADDED from AndroidManifest.xml:380:13
	android:name
		ADDED from AndroidManifest.xml:379:13
activity#com.yichang.kaku.member.driver.DriverInfoActivity
ADDED from AndroidManifest.xml:382:9
	android:screenOrientation
		ADDED from AndroidManifest.xml:385:13
	android:label
		ADDED from AndroidManifest.xml:384:13
	android:name
		ADDED from AndroidManifest.xml:383:13
activity#com.yichang.kaku.logistics.MyCheYuanActivity
ADDED from AndroidManifest.xml:386:9
	android:screenOrientation
		ADDED from AndroidManifest.xml:389:13
	android:label
		ADDED from AndroidManifest.xml:388:13
	android:name
		ADDED from AndroidManifest.xml:387:13
activity#com.yichang.kaku.logistics.HuoYuanDetailActivity
ADDED from AndroidManifest.xml:390:9
	android:screenOrientation
		ADDED from AndroidManifest.xml:393:13
	android:label
		ADDED from AndroidManifest.xml:392:13
	android:name
		ADDED from AndroidManifest.xml:391:13
activity#com.yichang.kaku.logistics.FaBuCheYuanActivity
ADDED from AndroidManifest.xml:394:9
	android:screenOrientation
		ADDED from AndroidManifest.xml:397:13
	android:label
		ADDED from AndroidManifest.xml:396:13
	android:name
		ADDED from AndroidManifest.xml:395:13
activity#com.yichang.kaku.logistics.FaBuTimeActivity
ADDED from AndroidManifest.xml:398:9
	android:screenOrientation
		ADDED from AndroidManifest.xml:401:13
	android:label
		ADDED from AndroidManifest.xml:400:13
	android:name
		ADDED from AndroidManifest.xml:399:13
activity#com.yichang.kaku.logistics.LianXiJiLuActivity
ADDED from AndroidManifest.xml:402:9
	android:screenOrientation
		ADDED from AndroidManifest.xml:405:13
	android:label
		ADDED from AndroidManifest.xml:404:13
	android:name
		ADDED from AndroidManifest.xml:403:13
activity#com.yichang.kaku.logistics.PingJiaHuoDanActivity
ADDED from AndroidManifest.xml:406:9
	android:screenOrientation
		ADDED from AndroidManifest.xml:409:13
	android:label
		ADDED from AndroidManifest.xml:408:13
	android:name
		ADDED from AndroidManifest.xml:407:13
activity#com.yichang.kaku.logistics.MyLoveCarActivity
ADDED from AndroidManifest.xml:410:9
	android:screenOrientation
		ADDED from AndroidManifest.xml:413:13
	android:label
		ADDED from AndroidManifest.xml:412:13
	android:name
		ADDED from AndroidManifest.xml:411:13
activity#com.yichang.kaku.member.driver.ModifyNameActivity
ADDED from AndroidManifest.xml:415:9
	android:screenOrientation
		ADDED from AndroidManifest.xml:418:13
	android:label
		ADDED from AndroidManifest.xml:417:13
	android:windowSoftInputMode
		ADDED from AndroidManifest.xml:419:13
	android:name
		ADDED from AndroidManifest.xml:416:13
activity#com.yichang.kaku.member.QRCodeActivity